\BOOKMARK [1][-]{section.1}{Introduction}{}% 1
\BOOKMARK [1][-]{section.2}{Methodology}{}% 2
\BOOKMARK [2][-]{subsection.2.1}{LBM}{section.2}% 3
\BOOKMARK [2][-]{subsection.2.2}{Advection Operator}{section.2}% 4
\BOOKMARK [2][-]{subsection.2.3}{Collision Model}{section.2}% 5
\BOOKMARK [1][-]{section.3}{Third-Party Libraries}{}% 6
\BOOKMARK [2][-]{subsection.3.1}{Description}{section.3}% 7
\BOOKMARK [2][-]{subsection.3.2}{Results and Discussion}{section.3}% 8
\BOOKMARK [1][-]{section.4}{Modular Code Structure}{}% 9
\BOOKMARK [2][-]{subsection.4.1}{Description}{section.4}% 10
\BOOKMARK [3][-]{subsubsection.4.1.1}{Implementation of the flow definition}{subsection.4.1}% 11
\BOOKMARK [3][-]{subsubsection.4.1.2}{Implementation of the flow solver}{subsection.4.1}% 12
\BOOKMARK [2][-]{subsection.4.2}{Results and Discussion}{section.4}% 13
\BOOKMARK [1][-]{section.5}{High-Order Discretization}{}% 14
\BOOKMARK [2][-]{subsection.5.1}{Description}{section.5}% 15
\BOOKMARK [2][-]{subsection.5.2}{Results and Discussion}{section.5}% 16
\BOOKMARK [1][-]{section.6}{Irregular Grids}{}% 17
\BOOKMARK [2][-]{subsection.6.1}{Description}{section.6}% 18
\BOOKMARK [2][-]{subsection.6.2}{Results and Discussion}{section.6}% 19
\BOOKMARK [1][-]{section.7}{Dimension-Independent Programming}{}% 20
\BOOKMARK [2][-]{subsection.7.1}{Description}{section.7}% 21
\BOOKMARK [2][-]{subsection.7.2}{Results and Discussion}{section.7}% 22
\BOOKMARK [1][-]{section.8}{Conclusions}{}% 23
\BOOKMARK [1][-]{section.9}{Acknowledgments}{}% 24
\BOOKMARK [1][-]{appendix.A}{Splitting the discrete Boltzmann equation into collision and advection step}{}% 25
\BOOKMARK [1][-]{appendix.B}{Semi-Lagrangian Streaming Step}{}% 26
