\BOOKMARK [0][-]{chapter.1}{\376\377\000C\000l\000a\000s\000s\000\040\000I\000n\000d\000e\000x}{}
\BOOKMARK [1][-]{section.1.1}{\376\377\000C\000l\000a\000s\000s\000\040\000H\000i\000e\000r\000a\000r\000c\000h\000y}{chapter.1}
\BOOKMARK [0][-]{chapter.2}{\376\377\000C\000l\000a\000s\000s\000\040\000I\000n\000d\000e\000x}{}
\BOOKMARK [1][-]{section.2.1}{\376\377\000C\000l\000a\000s\000s\000\040\000L\000i\000s\000t}{chapter.2}
\BOOKMARK [0][-]{chapter.3}{\376\377\000F\000i\000l\000e\000\040\000I\000n\000d\000e\000x}{}
\BOOKMARK [1][-]{section.3.1}{\376\377\000F\000i\000l\000e\000\040\000L\000i\000s\000t}{chapter.3}
\BOOKMARK [0][-]{chapter.4}{\376\377\000C\000l\000a\000s\000s\000\040\000D\000o\000c\000u\000m\000e\000n\000t\000a\000t\000i\000o\000n}{}
\BOOKMARK [1][-]{section.4.1}{\376\377\000n\000a\000t\000r\000i\000u\000m\000:\000:\000B\000G\000K\000T\000r\000a\000n\000s\000f\000o\000r\000m\000e\000d\000\040\000C\000l\000a\000s\000s\000\040\000R\000e\000f\000e\000r\000e\000n\000c\000e}{chapter.4}
\BOOKMARK [2][-]{subsection.4.1.1}{\376\377\000D\000e\000t\000a\000i\000l\000e\000d\000\040\000D\000e\000s\000c\000r\000i\000p\000t\000i\000o\000n}{section.4.1}
\BOOKMARK [2][-]{subsection.4.1.2}{\376\377\000C\000o\000n\000s\000t\000r\000u\000c\000t\000o\000r\000\040\000\046\000\040\000D\000e\000s\000t\000r\000u\000c\000t\000o\000r\000\040\000D\000o\000c\000u\000m\000e\000n\000t\000a\000t\000i\000o\000n}{section.4.1}
\BOOKMARK [3][-]{subsubsection.4.1.2.1}{\376\377\000B\000G\000K\000T\000r\000a\000n\000s\000f\000o\000r\000m\000e\000d}{subsection.4.1.2}
\BOOKMARK [2][-]{subsection.4.1.3}{\376\377\000M\000e\000m\000b\000e\000r\000\040\000F\000u\000n\000c\000t\000i\000o\000n\000\040\000D\000o\000c\000u\000m\000e\000n\000t\000a\000t\000i\000o\000n}{section.4.1}
\BOOKMARK [3][-]{subsubsection.4.1.3.1}{\376\377\000c\000o\000l\000l\000i\000d\000e}{subsection.4.1.3}
\BOOKMARK [1][-]{section.4.2}{\376\377\000n\000a\000t\000r\000i\000u\000m\000:\000:\000B\000o\000l\000t\000z\000m\000a\000n\000n\000M\000o\000d\000e\000l\000\040\000C\000l\000a\000s\000s\000\040\000R\000e\000f\000e\000r\000e\000n\000c\000e}{chapter.4}
\BOOKMARK [2][-]{subsection.4.2.1}{\376\377\000D\000e\000t\000a\000i\000l\000e\000d\000\040\000D\000e\000s\000c\000r\000i\000p\000t\000i\000o\000n}{section.4.2}
\BOOKMARK [2][-]{subsection.4.2.2}{\376\377\000C\000o\000n\000s\000t\000r\000u\000c\000t\000o\000r\000\040\000\046\000\040\000D\000e\000s\000t\000r\000u\000c\000t\000o\000r\000\040\000D\000o\000c\000u\000m\000e\000n\000t\000a\000t\000i\000o\000n}{section.4.2}
\BOOKMARK [3][-]{subsubsection.4.2.2.1}{\376\377\000B\000o\000l\000t\000z\000m\000a\000n\000n\000M\000o\000d\000e\000l}{subsection.4.2.2}
\BOOKMARK [2][-]{subsection.4.2.3}{\376\377\000M\000e\000m\000b\000e\000r\000\040\000F\000u\000n\000c\000t\000i\000o\000n\000\040\000D\000o\000c\000u\000m\000e\000n\000t\000a\000t\000i\000o\000n}{section.4.2}
\BOOKMARK [3][-]{subsubsection.4.2.3.1}{\376\377\000c\000a\000l\000c\000u\000l\000a\000t\000e\000D\000e\000n\000s\000i\000t\000y}{subsection.4.2.3}
\BOOKMARK [3][-]{subsubsection.4.2.3.2}{\376\377\000c\000a\000l\000c\000u\000l\000a\000t\000e\000V\000e\000l\000o\000c\000i\000t\000y}{subsection.4.2.3}
\BOOKMARK [3][-]{subsubsection.4.2.3.3}{\376\377\000c\000a\000l\000c\000u\000l\000a\000t\000e\000V\000e\000l\000o\000c\000i\000t\000y}{subsection.4.2.3}
\BOOKMARK [3][-]{subsubsection.4.2.3.4}{\376\377\000g\000e\000t\000D}{subsection.4.2.3}
\BOOKMARK [3][-]{subsubsection.4.2.3.5}{\376\377\000g\000e\000t\000D\000i\000r\000e\000c\000t\000i\000o\000n}{subsection.4.2.3}
\BOOKMARK [3][-]{subsubsection.4.2.3.6}{\376\377\000g\000e\000t\000D\000i\000r\000e\000c\000t\000i\000o\000n\000s}{subsection.4.2.3}
\BOOKMARK [3][-]{subsubsection.4.2.3.7}{\376\377\000g\000e\000t\000E\000q\000u\000i\000l\000i\000b\000r\000i\000u\000m\000D\000i\000s\000t\000r\000i\000b\000u\000t\000i\000o\000n}{subsection.4.2.3}
\BOOKMARK [3][-]{subsubsection.4.2.3.8}{\376\377\000g\000e\000t\000E\000q\000u\000i\000l\000i\000b\000r\000i\000u\000m\000D\000i\000s\000t\000r\000i\000b\000u\000t\000i\000o\000n\000s}{subsection.4.2.3}
\BOOKMARK [3][-]{subsubsection.4.2.3.9}{\376\377\000g\000e\000t\000Q}{subsection.4.2.3}
\BOOKMARK [3][-]{subsubsection.4.2.3.10}{\376\377\000g\000e\000t\000S\000t\000e\000n\000c\000i\000l\000T\000y\000p\000e}{subsection.4.2.3}
\BOOKMARK [3][-]{subsubsection.4.2.3.11}{\376\377\000g\000e\000t\000W\000e\000i\000g\000h\000t}{subsection.4.2.3}
\BOOKMARK [3][-]{subsubsection.4.2.3.12}{\376\377\000g\000e\000t\000W\000e\000i\000g\000h\000t\000s}{subsection.4.2.3}
\BOOKMARK [1][-]{section.4.3}{\376\377\000n\000a\000t\000r\000i\000u\000m\000:\000:\000C\000F\000D\000S\000o\000l\000v\000e\000r\000<\000\040\000d\000i\000m\000\040\000>\000\040\000C\000l\000a\000s\000s\000\040\000T\000e\000m\000p\000l\000a\000t\000e\000\040\000R\000e\000f\000e\000r\000e\000n\000c\000e}{chapter.4}
\BOOKMARK [2][-]{subsection.4.3.1}{\376\377\000D\000e\000t\000a\000i\000l\000e\000d\000\040\000D\000e\000s\000c\000r\000i\000p\000t\000i\000o\000n}{section.4.3}
\BOOKMARK [2][-]{subsection.4.3.2}{\376\377\000C\000o\000n\000s\000t\000r\000u\000c\000t\000o\000r\000\040\000\046\000\040\000D\000e\000s\000t\000r\000u\000c\000t\000o\000r\000\040\000D\000o\000c\000u\000m\000e\000n\000t\000a\000t\000i\000o\000n}{section.4.3}
\BOOKMARK [3][-]{subsubsection.4.3.2.1}{\376\377\000C\000F\000D\000S\000o\000l\000v\000e\000r}{subsection.4.3.2}
\BOOKMARK [1][-]{section.4.4}{\376\377\000n\000a\000t\000r\000i\000u\000m\000:\000:\000C\000o\000l\000l\000i\000s\000i\000o\000n\000M\000o\000d\000e\000l\000\040\000C\000l\000a\000s\000s\000\040\000R\000e\000f\000e\000r\000e\000n\000c\000e}{chapter.4}
\BOOKMARK [2][-]{subsection.4.4.1}{\376\377\000D\000e\000t\000a\000i\000l\000e\000d\000\040\000D\000e\000s\000c\000r\000i\000p\000t\000i\000o\000n}{section.4.4}
\BOOKMARK [2][-]{subsection.4.4.2}{\376\377\000C\000o\000n\000s\000t\000r\000u\000c\000t\000o\000r\000\040\000\046\000\040\000D\000e\000s\000t\000r\000u\000c\000t\000o\000r\000\040\000D\000o\000c\000u\000m\000e\000n\000t\000a\000t\000i\000o\000n}{section.4.4}
\BOOKMARK [3][-]{subsubsection.4.4.2.1}{\376\377\000C\000o\000l\000l\000i\000s\000i\000o\000n\000M\000o\000d\000e\000l}{subsection.4.4.2}
\BOOKMARK [2][-]{subsection.4.4.3}{\376\377\000M\000e\000m\000b\000e\000r\000\040\000F\000u\000n\000c\000t\000i\000o\000n\000\040\000D\000o\000c\000u\000m\000e\000n\000t\000a\000t\000i\000o\000n}{section.4.4}
\BOOKMARK [3][-]{subsubsection.4.4.3.1}{\376\377\000c\000o\000l\000l\000i\000d\000e}{subsection.4.4.3}
\BOOKMARK [1][-]{section.4.5}{\376\377\000n\000a\000t\000r\000i\000u\000m\000:\000:\000C\000o\000u\000e\000t\000t\000e\000F\000l\000o\000w\0002\000D\000\040\000C\000l\000a\000s\000s\000\040\000R\000e\000f\000e\000r\000e\000n\000c\000e}{chapter.4}
\BOOKMARK [2][-]{subsection.4.5.1}{\376\377\000D\000e\000t\000a\000i\000l\000e\000d\000\040\000D\000e\000s\000c\000r\000i\000p\000t\000i\000o\000n}{section.4.5}
\BOOKMARK [1][-]{section.4.6}{\376\377\000n\000a\000t\000r\000i\000u\000m\000:\000:\000D\0002\000Q\0009\000I\000n\000c\000o\000m\000p\000r\000e\000s\000s\000i\000b\000l\000e\000M\000o\000d\000e\000l\000\040\000C\000l\000a\000s\000s\000\040\000R\000e\000f\000e\000r\000e\000n\000c\000e}{chapter.4}
\BOOKMARK [2][-]{subsection.4.6.1}{\376\377\000D\000e\000t\000a\000i\000l\000e\000d\000\040\000D\000e\000s\000c\000r\000i\000p\000t\000i\000o\000n}{section.4.6}
\BOOKMARK [2][-]{subsection.4.6.2}{\376\377\000C\000o\000n\000s\000t\000r\000u\000c\000t\000o\000r\000\040\000\046\000\040\000D\000e\000s\000t\000r\000u\000c\000t\000o\000r\000\040\000D\000o\000c\000u\000m\000e\000n\000t\000a\000t\000i\000o\000n}{section.4.6}
\BOOKMARK [3][-]{subsubsection.4.6.2.1}{\376\377\000D\0002\000Q\0009\000I\000n\000c\000o\000m\000p\000r\000e\000s\000s\000i\000b\000l\000e\000M\000o\000d\000e\000l}{subsection.4.6.2}
\BOOKMARK [2][-]{subsection.4.6.3}{\376\377\000M\000e\000m\000b\000e\000r\000\040\000F\000u\000n\000c\000t\000i\000o\000n\000\040\000D\000o\000c\000u\000m\000e\000n\000t\000a\000t\000i\000o\000n}{section.4.6}
\BOOKMARK [3][-]{subsubsection.4.6.3.1}{\376\377\000g\000e\000t\000E\000q\000u\000i\000l\000i\000b\000r\000i\000u\000m\000D\000i\000s\000t\000r\000i\000b\000u\000t\000i\000o\000n}{subsection.4.6.3}
\BOOKMARK [1][-]{section.4.7}{\376\377\000n\000a\000t\000r\000i\000u\000m\000:\000:\000D\0002\000Q\0009\000M\000o\000d\000e\000l\000\040\000C\000l\000a\000s\000s\000\040\000R\000e\000f\000e\000r\000e\000n\000c\000e}{chapter.4}
\BOOKMARK [2][-]{subsection.4.7.1}{\376\377\000D\000e\000t\000a\000i\000l\000e\000d\000\040\000D\000e\000s\000c\000r\000i\000p\000t\000i\000o\000n}{section.4.7}
\BOOKMARK [1][-]{section.4.8}{\376\377\000n\000a\000t\000r\000i\000u\000m\000:\000:\000D\000a\000t\000a\000M\000i\000n\000L\000e\000e\0002\0000\0001\0001\000<\000\040\000d\000i\000m\000\040\000>\000\040\000C\000l\000a\000s\000s\000\040\000T\000e\000m\000p\000l\000a\000t\000e\000\040\000R\000e\000f\000e\000r\000e\000n\000c\000e}{chapter.4}
\BOOKMARK [2][-]{subsection.4.8.1}{\376\377\000D\000e\000t\000a\000i\000l\000e\000d\000\040\000D\000e\000s\000c\000r\000i\000p\000t\000i\000o\000n}{section.4.8}
\BOOKMARK [1][-]{section.4.9}{\376\377\000n\000a\000t\000r\000i\000u\000m\000:\000:\000E\000x\000p\000o\000n\000e\000n\000t\000i\000a\000l\000T\000i\000m\000e\000I\000n\000t\000e\000g\000r\000a\000t\000o\000r\000\040\000C\000l\000a\000s\000s\000\040\000R\000e\000f\000e\000r\000e\000n\000c\000e}{chapter.4}
\BOOKMARK [2][-]{subsection.4.9.1}{\376\377\000D\000e\000t\000a\000i\000l\000e\000d\000\040\000D\000e\000s\000c\000r\000i\000p\000t\000i\000o\000n}{section.4.9}
\BOOKMARK [1][-]{section.4.10}{\376\377\000n\000a\000t\000r\000i\000u\000m\000:\000:\000M\000a\000t\000h\000\040\000C\000l\000a\000s\000s\000\040\000R\000e\000f\000e\000r\000e\000n\000c\000e}{chapter.4}
\BOOKMARK [2][-]{subsection.4.10.1}{\376\377\000D\000e\000t\000a\000i\000l\000e\000d\000\040\000D\000e\000s\000c\000r\000i\000p\000t\000i\000o\000n}{section.4.10}
\BOOKMARK [1][-]{section.4.11}{\376\377\000n\000a\000t\000r\000i\000u\000m\000:\000:\000P\000r\000o\000b\000l\000e\000m\000D\000e\000s\000c\000r\000i\000p\000t\000i\000o\000n\000<\000\040\000d\000i\000m\000\040\000>\000\040\000C\000l\000a\000s\000s\000\040\000T\000e\000m\000p\000l\000a\000t\000e\000\040\000R\000e\000f\000e\000r\000e\000n\000c\000e}{chapter.4}
\BOOKMARK [2][-]{subsection.4.11.1}{\376\377\000D\000e\000t\000a\000i\000l\000e\000d\000\040\000D\000e\000s\000c\000r\000i\000p\000t\000i\000o\000n}{section.4.11}
\BOOKMARK [1][-]{section.4.12}{\376\377\000n\000a\000t\000r\000i\000u\000m\000:\000:\000R\000u\000n\000g\000e\000K\000u\000t\000t\000a\0005\000L\000o\000w\000S\000t\000o\000r\000a\000g\000e\000\040\000C\000l\000a\000s\000s\000\040\000R\000e\000f\000e\000r\000e\000n\000c\000e}{chapter.4}
\BOOKMARK [2][-]{subsection.4.12.1}{\376\377\000D\000e\000t\000a\000i\000l\000e\000d\000\040\000D\000e\000s\000c\000r\000i\000p\000t\000i\000o\000n}{section.4.12}
\BOOKMARK [1][-]{section.4.13}{\376\377\000n\000a\000t\000r\000i\000u\000m\000:\000:\000S\000i\000m\000p\000l\000e\000P\000r\000o\000b\000l\000e\000m\000D\000e\000s\000c\000r\000i\000p\000t\000i\000o\000n\0002\000D\000\040\000C\000l\000a\000s\000s\000\040\000R\000e\000f\000e\000r\000e\000n\000c\000e}{chapter.4}
\BOOKMARK [2][-]{subsection.4.13.1}{\376\377\000D\000e\000t\000a\000i\000l\000e\000d\000\040\000D\000e\000s\000c\000r\000i\000p\000t\000i\000o\000n}{section.4.13}
\BOOKMARK [1][-]{section.4.14}{\376\377\000n\000a\000t\000r\000i\000u\000m\000:\000:\000S\000o\000l\000v\000e\000r\000C\000o\000n\000f\000i\000g\000u\000r\000a\000t\000i\000o\000n\000\040\000C\000l\000a\000s\000s\000\040\000R\000e\000f\000e\000r\000e\000n\000c\000e}{chapter.4}
\BOOKMARK [2][-]{subsection.4.14.1}{\376\377\000D\000e\000t\000a\000i\000l\000e\000d\000\040\000D\000e\000s\000c\000r\000i\000p\000t\000i\000o\000n}{section.4.14}
\BOOKMARK [1][-]{section.4.15}{\376\377\000n\000a\000t\000r\000i\000u\000m\000:\000:\000S\000t\000r\000e\000a\000m\000i\000n\000g\000D\000a\000t\000a\000<\000\040\000d\000i\000m\000\040\000>\000\040\000C\000l\000a\000s\000s\000\040\000T\000e\000m\000p\000l\000a\000t\000e\000\040\000R\000e\000f\000e\000r\000e\000n\000c\000e}{chapter.4}
\BOOKMARK [2][-]{subsection.4.15.1}{\376\377\000D\000e\000t\000a\000i\000l\000e\000d\000\040\000D\000e\000s\000c\000r\000i\000p\000t\000i\000o\000n}{section.4.15}
\BOOKMARK [1][-]{section.4.16}{\376\377\000n\000a\000t\000r\000i\000u\000m\000:\000:\000T\000i\000m\000e\000I\000n\000t\000e\000g\000r\000a\000t\000o\000r\000\040\000C\000l\000a\000s\000s\000\040\000R\000e\000f\000e\000r\000e\000n\000c\000e}{chapter.4}
\BOOKMARK [2][-]{subsection.4.16.1}{\376\377\000D\000e\000t\000a\000i\000l\000e\000d\000\040\000D\000e\000s\000c\000r\000i\000p\000t\000i\000o\000n}{section.4.16}
\BOOKMARK [0][-]{chapter.5}{\376\377\000F\000i\000l\000e\000\040\000D\000o\000c\000u\000m\000e\000n\000t\000a\000t\000i\000o\000n}{}
\BOOKMARK [1][-]{section.5.1}{\376\377\000/\000h\000o\000m\000e\000/\000k\000r\000a\000e\000m\000e\000r\000/\000e\000c\000l\000i\000p\000s\000e\000\137\000w\000o\000r\000k\000s\000p\000a\000c\000e\000/\000N\000A\000T\000r\000i\000u\000M\000/\000s\000r\000c\000/\000b\000e\000n\000c\000h\000m\000a\000r\000k\000s\000/\000C\000o\000u\000e\000t\000t\000e\000F\000l\000o\000w\0002\000D\000.\000c\000p\000p\000\040\000F\000i\000l\000e\000\040\000R\000e\000f\000e\000r\000e\000n\000c\000e}{chapter.5}
\BOOKMARK [2][-]{subsection.5.1.1}{\376\377\000D\000e\000t\000a\000i\000l\000e\000d\000\040\000D\000e\000s\000c\000r\000i\000p\000t\000i\000o\000n}{section.5.1}
\BOOKMARK [1][-]{section.5.2}{\376\377\000/\000h\000o\000m\000e\000/\000k\000r\000a\000e\000m\000e\000r\000/\000e\000c\000l\000i\000p\000s\000e\000\137\000w\000o\000r\000k\000s\000p\000a\000c\000e\000/\000N\000A\000T\000r\000i\000u\000M\000/\000s\000r\000c\000/\000b\000e\000n\000c\000h\000m\000a\000r\000k\000s\000/\000C\000o\000u\000e\000t\000t\000e\000F\000l\000o\000w\0002\000D\000.\000h\000\040\000F\000i\000l\000e\000\040\000R\000e\000f\000e\000r\000e\000n\000c\000e}{chapter.5}
\BOOKMARK [2][-]{subsection.5.2.1}{\376\377\000D\000e\000t\000a\000i\000l\000e\000d\000\040\000D\000e\000s\000c\000r\000i\000p\000t\000i\000o\000n}{section.5.2}
\BOOKMARK [1][-]{section.5.3}{\376\377\000/\000h\000o\000m\000e\000/\000k\000r\000a\000e\000m\000e\000r\000/\000e\000c\000l\000i\000p\000s\000e\000\137\000w\000o\000r\000k\000s\000p\000a\000c\000e\000/\000N\000A\000T\000r\000i\000u\000M\000/\000s\000r\000c\000/\000b\000o\000l\000t\000z\000m\000a\000n\000n\000m\000o\000d\000e\000l\000s\000/\000B\000o\000l\000t\000z\000m\000a\000n\000n\000M\000o\000d\000e\000l\000.\000c\000p\000p\000\040\000F\000i\000l\000e\000\040\000R\000e\000f\000e\000r\000e\000n\000c\000e}{chapter.5}
\BOOKMARK [2][-]{subsection.5.3.1}{\376\377\000D\000e\000t\000a\000i\000l\000e\000d\000\040\000D\000e\000s\000c\000r\000i\000p\000t\000i\000o\000n}{section.5.3}
\BOOKMARK [1][-]{section.5.4}{\376\377\000/\000h\000o\000m\000e\000/\000k\000r\000a\000e\000m\000e\000r\000/\000e\000c\000l\000i\000p\000s\000e\000\137\000w\000o\000r\000k\000s\000p\000a\000c\000e\000/\000N\000A\000T\000r\000i\000u\000M\000/\000s\000r\000c\000/\000b\000o\000l\000t\000z\000m\000a\000n\000n\000m\000o\000d\000e\000l\000s\000/\000B\000o\000l\000t\000z\000m\000a\000n\000n\000M\000o\000d\000e\000l\000.\000h\000\040\000F\000i\000l\000e\000\040\000R\000e\000f\000e\000r\000e\000n\000c\000e}{chapter.5}
\BOOKMARK [2][-]{subsection.5.4.1}{\376\377\000D\000e\000t\000a\000i\000l\000e\000d\000\040\000D\000e\000s\000c\000r\000i\000p\000t\000i\000o\000n}{section.5.4}
\BOOKMARK [1][-]{section.5.5}{\376\377\000/\000h\000o\000m\000e\000/\000k\000r\000a\000e\000m\000e\000r\000/\000e\000c\000l\000i\000p\000s\000e\000\137\000w\000o\000r\000k\000s\000p\000a\000c\000e\000/\000N\000A\000T\000r\000i\000u\000M\000/\000s\000r\000c\000/\000b\000o\000l\000t\000z\000m\000a\000n\000n\000m\000o\000d\000e\000l\000s\000/\000D\0002\000Q\0009\000M\000o\000d\000e\000l\000.\000c\000p\000p\000\040\000F\000i\000l\000e\000\040\000R\000e\000f\000e\000r\000e\000n\000c\000e}{chapter.5}
\BOOKMARK [2][-]{subsection.5.5.1}{\376\377\000D\000e\000t\000a\000i\000l\000e\000d\000\040\000D\000e\000s\000c\000r\000i\000p\000t\000i\000o\000n}{section.5.5}
\BOOKMARK [1][-]{section.5.6}{\376\377\000/\000h\000o\000m\000e\000/\000k\000r\000a\000e\000m\000e\000r\000/\000e\000c\000l\000i\000p\000s\000e\000\137\000w\000o\000r\000k\000s\000p\000a\000c\000e\000/\000N\000A\000T\000r\000i\000u\000M\000/\000s\000r\000c\000/\000b\000o\000l\000t\000z\000m\000a\000n\000n\000m\000o\000d\000e\000l\000s\000/\000D\0002\000Q\0009\000M\000o\000d\000e\000l\000.\000h\000\040\000F\000i\000l\000e\000\040\000R\000e\000f\000e\000r\000e\000n\000c\000e}{chapter.5}
\BOOKMARK [2][-]{subsection.5.6.1}{\376\377\000D\000e\000t\000a\000i\000l\000e\000d\000\040\000D\000e\000s\000c\000r\000i\000p\000t\000i\000o\000n}{section.5.6}
\BOOKMARK [1][-]{section.5.7}{\376\377\000/\000h\000o\000m\000e\000/\000k\000r\000a\000e\000m\000e\000r\000/\000e\000c\000l\000i\000p\000s\000e\000\137\000w\000o\000r\000k\000s\000p\000a\000c\000e\000/\000N\000A\000T\000r\000i\000u\000M\000/\000s\000r\000c\000/\000c\000o\000l\000l\000i\000s\000i\000o\000n\000m\000o\000d\000e\000l\000s\000/\000B\000G\000K\000T\000r\000a\000n\000s\000f\000o\000r\000m\000e\000d\000.\000c\000p\000p\000\040\000F\000i\000l\000e\000\040\000R\000e\000f\000e\000r\000e\000n\000c\000e}{chapter.5}
\BOOKMARK [2][-]{subsection.5.7.1}{\376\377\000D\000e\000t\000a\000i\000l\000e\000d\000\040\000D\000e\000s\000c\000r\000i\000p\000t\000i\000o\000n}{section.5.7}
\BOOKMARK [1][-]{section.5.8}{\376\377\000/\000h\000o\000m\000e\000/\000k\000r\000a\000e\000m\000e\000r\000/\000e\000c\000l\000i\000p\000s\000e\000\137\000w\000o\000r\000k\000s\000p\000a\000c\000e\000/\000N\000A\000T\000r\000i\000u\000M\000/\000s\000r\000c\000/\000c\000o\000l\000l\000i\000s\000i\000o\000n\000m\000o\000d\000e\000l\000s\000/\000B\000G\000K\000T\000r\000a\000n\000s\000f\000o\000r\000m\000e\000d\000.\000h\000\040\000F\000i\000l\000e\000\040\000R\000e\000f\000e\000r\000e\000n\000c\000e}{chapter.5}
\BOOKMARK [2][-]{subsection.5.8.1}{\376\377\000D\000e\000t\000a\000i\000l\000e\000d\000\040\000D\000e\000s\000c\000r\000i\000p\000t\000i\000o\000n}{section.5.8}
\BOOKMARK [1][-]{section.5.9}{\376\377\000/\000h\000o\000m\000e\000/\000k\000r\000a\000e\000m\000e\000r\000/\000e\000c\000l\000i\000p\000s\000e\000\137\000w\000o\000r\000k\000s\000p\000a\000c\000e\000/\000N\000A\000T\000r\000i\000u\000M\000/\000s\000r\000c\000/\000c\000o\000l\000l\000i\000s\000i\000o\000n\000m\000o\000d\000e\000l\000s\000/\000C\000o\000l\000l\000i\000s\000i\000o\000n\000M\000o\000d\000e\000l\000.\000c\000p\000p\000\040\000F\000i\000l\000e\000\040\000R\000e\000f\000e\000r\000e\000n\000c\000e}{chapter.5}
\BOOKMARK [2][-]{subsection.5.9.1}{\376\377\000D\000e\000t\000a\000i\000l\000e\000d\000\040\000D\000e\000s\000c\000r\000i\000p\000t\000i\000o\000n}{section.5.9}
\BOOKMARK [1][-]{section.5.10}{\376\377\000/\000h\000o\000m\000e\000/\000k\000r\000a\000e\000m\000e\000r\000/\000e\000c\000l\000i\000p\000s\000e\000\137\000w\000o\000r\000k\000s\000p\000a\000c\000e\000/\000N\000A\000T\000r\000i\000u\000M\000/\000s\000r\000c\000/\000c\000o\000l\000l\000i\000s\000i\000o\000n\000m\000o\000d\000e\000l\000s\000/\000C\000o\000l\000l\000i\000s\000i\000o\000n\000M\000o\000d\000e\000l\000.\000h\000\040\000F\000i\000l\000e\000\040\000R\000e\000f\000e\000r\000e\000n\000c\000e}{chapter.5}
\BOOKMARK [2][-]{subsection.5.10.1}{\376\377\000D\000e\000t\000a\000i\000l\000e\000d\000\040\000D\000e\000s\000c\000r\000i\000p\000t\000i\000o\000n}{section.5.10}
\BOOKMARK [1][-]{section.5.11}{\376\377\000/\000h\000o\000m\000e\000/\000k\000r\000a\000e\000m\000e\000r\000/\000e\000c\000l\000i\000p\000s\000e\000\137\000w\000o\000r\000k\000s\000p\000a\000c\000e\000/\000N\000A\000T\000r\000i\000u\000M\000/\000s\000r\000c\000/\000p\000r\000o\000b\000l\000e\000m\000d\000e\000s\000c\000r\000i\000p\000t\000i\000o\000n\000/\000P\000r\000o\000b\000l\000e\000m\000D\000e\000s\000c\000r\000i\000p\000t\000i\000o\000n\000.\000c\000p\000p\000\040\000F\000i\000l\000e\000\040\000R\000e\000f\000e\000r\000e\000n\000c\000e}{chapter.5}
\BOOKMARK [2][-]{subsection.5.11.1}{\376\377\000D\000e\000t\000a\000i\000l\000e\000d\000\040\000D\000e\000s\000c\000r\000i\000p\000t\000i\000o\000n}{section.5.11}
\BOOKMARK [1][-]{section.5.12}{\376\377\000/\000h\000o\000m\000e\000/\000k\000r\000a\000e\000m\000e\000r\000/\000e\000c\000l\000i\000p\000s\000e\000\137\000w\000o\000r\000k\000s\000p\000a\000c\000e\000/\000N\000A\000T\000r\000i\000u\000M\000/\000s\000r\000c\000/\000p\000r\000o\000b\000l\000e\000m\000d\000e\000s\000c\000r\000i\000p\000t\000i\000o\000n\000/\000P\000r\000o\000b\000l\000e\000m\000D\000e\000s\000c\000r\000i\000p\000t\000i\000o\000n\000.\000h\000\040\000F\000i\000l\000e\000\040\000R\000e\000f\000e\000r\000e\000n\000c\000e}{chapter.5}
\BOOKMARK [2][-]{subsection.5.12.1}{\376\377\000D\000e\000t\000a\000i\000l\000e\000d\000\040\000D\000e\000s\000c\000r\000i\000p\000t\000i\000o\000n}{section.5.12}
\BOOKMARK [1][-]{section.5.13}{\376\377\000/\000h\000o\000m\000e\000/\000k\000r\000a\000e\000m\000e\000r\000/\000e\000c\000l\000i\000p\000s\000e\000\137\000w\000o\000r\000k\000s\000p\000a\000c\000e\000/\000N\000A\000T\000r\000i\000u\000M\000/\000s\000r\000c\000/\000p\000r\000o\000b\000l\000e\000m\000d\000e\000s\000c\000r\000i\000p\000t\000i\000o\000n\000/\000S\000i\000m\000p\000l\000e\000P\000r\000o\000b\000l\000e\000m\000D\000e\000s\000c\000r\000i\000p\000t\000i\000o\000n\0002\000D\000.\000c\000p\000p\000\040\000F\000i\000l\000e\000\040\000R\000e\000f\000e\000r\000e\000n\000c\000e}{chapter.5}
\BOOKMARK [2][-]{subsection.5.13.1}{\376\377\000D\000e\000t\000a\000i\000l\000e\000d\000\040\000D\000e\000s\000c\000r\000i\000p\000t\000i\000o\000n}{section.5.13}
\BOOKMARK [1][-]{section.5.14}{\376\377\000/\000h\000o\000m\000e\000/\000k\000r\000a\000e\000m\000e\000r\000/\000e\000c\000l\000i\000p\000s\000e\000\137\000w\000o\000r\000k\000s\000p\000a\000c\000e\000/\000N\000A\000T\000r\000i\000u\000M\000/\000s\000r\000c\000/\000p\000r\000o\000b\000l\000e\000m\000d\000e\000s\000c\000r\000i\000p\000t\000i\000o\000n\000/\000S\000i\000m\000p\000l\000e\000P\000r\000o\000b\000l\000e\000m\000D\000e\000s\000c\000r\000i\000p\000t\000i\000o\000n\0002\000D\000.\000h\000\040\000F\000i\000l\000e\000\040\000R\000e\000f\000e\000r\000e\000n\000c\000e}{chapter.5}
\BOOKMARK [2][-]{subsection.5.14.1}{\376\377\000D\000e\000t\000a\000i\000l\000e\000d\000\040\000D\000e\000s\000c\000r\000i\000p\000t\000i\000o\000n}{section.5.14}
\BOOKMARK [1][-]{section.5.15}{\376\377\000/\000h\000o\000m\000e\000/\000k\000r\000a\000e\000m\000e\000r\000/\000e\000c\000l\000i\000p\000s\000e\000\137\000w\000o\000r\000k\000s\000p\000a\000c\000e\000/\000N\000A\000T\000r\000i\000u\000M\000/\000s\000r\000c\000/\000s\000o\000l\000v\000e\000r\000/\000C\000F\000D\000S\000o\000l\000v\000e\000r\000.\000c\000p\000p\000\040\000F\000i\000l\000e\000\040\000R\000e\000f\000e\000r\000e\000n\000c\000e}{chapter.5}
\BOOKMARK [2][-]{subsection.5.15.1}{\376\377\000D\000e\000t\000a\000i\000l\000e\000d\000\040\000D\000e\000s\000c\000r\000i\000p\000t\000i\000o\000n}{section.5.15}
\BOOKMARK [1][-]{section.5.16}{\376\377\000/\000h\000o\000m\000e\000/\000k\000r\000a\000e\000m\000e\000r\000/\000e\000c\000l\000i\000p\000s\000e\000\137\000w\000o\000r\000k\000s\000p\000a\000c\000e\000/\000N\000A\000T\000r\000i\000u\000M\000/\000s\000r\000c\000/\000s\000o\000l\000v\000e\000r\000/\000C\000F\000D\000S\000o\000l\000v\000e\000r\000.\000h\000\040\000F\000i\000l\000e\000\040\000R\000e\000f\000e\000r\000e\000n\000c\000e}{chapter.5}
\BOOKMARK [2][-]{subsection.5.16.1}{\376\377\000D\000e\000t\000a\000i\000l\000e\000d\000\040\000D\000e\000s\000c\000r\000i\000p\000t\000i\000o\000n}{section.5.16}
\BOOKMARK [1][-]{section.5.17}{\376\377\000/\000h\000o\000m\000e\000/\000k\000r\000a\000e\000m\000e\000r\000/\000e\000c\000l\000i\000p\000s\000e\000\137\000w\000o\000r\000k\000s\000p\000a\000c\000e\000/\000N\000A\000T\000r\000i\000u\000M\000/\000s\000r\000c\000/\000s\000o\000l\000v\000e\000r\000/\000S\000o\000l\000v\000e\000r\000C\000o\000n\000f\000i\000g\000u\000r\000a\000t\000i\000o\000n\000.\000c\000p\000p\000\040\000F\000i\000l\000e\000\040\000R\000e\000f\000e\000r\000e\000n\000c\000e}{chapter.5}
\BOOKMARK [2][-]{subsection.5.17.1}{\376\377\000D\000e\000t\000a\000i\000l\000e\000d\000\040\000D\000e\000s\000c\000r\000i\000p\000t\000i\000o\000n}{section.5.17}
\BOOKMARK [1][-]{section.5.18}{\376\377\000/\000h\000o\000m\000e\000/\000k\000r\000a\000e\000m\000e\000r\000/\000e\000c\000l\000i\000p\000s\000e\000\137\000w\000o\000r\000k\000s\000p\000a\000c\000e\000/\000N\000A\000T\000r\000i\000u\000M\000/\000s\000r\000c\000/\000s\000o\000l\000v\000e\000r\000/\000S\000o\000l\000v\000e\000r\000C\000o\000n\000f\000i\000g\000u\000r\000a\000t\000i\000o\000n\000.\000h\000\040\000F\000i\000l\000e\000\040\000R\000e\000f\000e\000r\000e\000n\000c\000e}{chapter.5}
\BOOKMARK [2][-]{subsection.5.18.1}{\376\377\000D\000e\000t\000a\000i\000l\000e\000d\000\040\000D\000e\000s\000c\000r\000i\000p\000t\000i\000o\000n}{section.5.18}
\BOOKMARK [1][-]{section.5.19}{\376\377\000/\000h\000o\000m\000e\000/\000k\000r\000a\000e\000m\000e\000r\000/\000e\000c\000l\000i\000p\000s\000e\000\137\000w\000o\000r\000k\000s\000p\000a\000c\000e\000/\000N\000A\000T\000r\000i\000u\000M\000/\000s\000r\000c\000/\000s\000t\000r\000e\000a\000m\000i\000n\000g\000d\000a\000t\000a\000/\000D\000a\000t\000a\000M\000i\000n\000L\000e\000e\0002\0000\0001\0001\000.\000c\000p\000p\000\040\000F\000i\000l\000e\000\040\000R\000e\000f\000e\000r\000e\000n\000c\000e}{chapter.5}
\BOOKMARK [2][-]{subsection.5.19.1}{\376\377\000D\000e\000t\000a\000i\000l\000e\000d\000\040\000D\000e\000s\000c\000r\000i\000p\000t\000i\000o\000n}{section.5.19}
\BOOKMARK [1][-]{section.5.20}{\376\377\000/\000h\000o\000m\000e\000/\000k\000r\000a\000e\000m\000e\000r\000/\000e\000c\000l\000i\000p\000s\000e\000\137\000w\000o\000r\000k\000s\000p\000a\000c\000e\000/\000N\000A\000T\000r\000i\000u\000M\000/\000s\000r\000c\000/\000s\000t\000r\000e\000a\000m\000i\000n\000g\000d\000a\000t\000a\000/\000D\000a\000t\000a\000M\000i\000n\000L\000e\000e\0002\0000\0001\0001\000.\000h\000\040\000F\000i\000l\000e\000\040\000R\000e\000f\000e\000r\000e\000n\000c\000e}{chapter.5}
\BOOKMARK [2][-]{subsection.5.20.1}{\376\377\000D\000e\000t\000a\000i\000l\000e\000d\000\040\000D\000e\000s\000c\000r\000i\000p\000t\000i\000o\000n}{section.5.20}
\BOOKMARK [1][-]{section.5.21}{\376\377\000/\000h\000o\000m\000e\000/\000k\000r\000a\000e\000m\000e\000r\000/\000e\000c\000l\000i\000p\000s\000e\000\137\000w\000o\000r\000k\000s\000p\000a\000c\000e\000/\000N\000A\000T\000r\000i\000u\000M\000/\000s\000r\000c\000/\000s\000t\000r\000e\000a\000m\000i\000n\000g\000d\000a\000t\000a\000/\000S\000t\000r\000e\000a\000m\000i\000n\000g\000D\000a\000t\000a\000.\000c\000p\000p\000\040\000F\000i\000l\000e\000\040\000R\000e\000f\000e\000r\000e\000n\000c\000e}{chapter.5}
\BOOKMARK [2][-]{subsection.5.21.1}{\376\377\000D\000e\000t\000a\000i\000l\000e\000d\000\040\000D\000e\000s\000c\000r\000i\000p\000t\000i\000o\000n}{section.5.21}
\BOOKMARK [1][-]{section.5.22}{\376\377\000/\000h\000o\000m\000e\000/\000k\000r\000a\000e\000m\000e\000r\000/\000e\000c\000l\000i\000p\000s\000e\000\137\000w\000o\000r\000k\000s\000p\000a\000c\000e\000/\000N\000A\000T\000r\000i\000u\000M\000/\000s\000r\000c\000/\000s\000t\000r\000e\000a\000m\000i\000n\000g\000d\000a\000t\000a\000/\000S\000t\000r\000e\000a\000m\000i\000n\000g\000D\000a\000t\000a\000.\000h\000\040\000F\000i\000l\000e\000\040\000R\000e\000f\000e\000r\000e\000n\000c\000e}{chapter.5}
\BOOKMARK [2][-]{subsection.5.22.1}{\376\377\000D\000e\000t\000a\000i\000l\000e\000d\000\040\000D\000e\000s\000c\000r\000i\000p\000t\000i\000o\000n}{section.5.22}
\BOOKMARK [1][-]{section.5.23}{\376\377\000/\000h\000o\000m\000e\000/\000k\000r\000a\000e\000m\000e\000r\000/\000e\000c\000l\000i\000p\000s\000e\000\137\000w\000o\000r\000k\000s\000p\000a\000c\000e\000/\000N\000A\000T\000r\000i\000u\000M\000/\000s\000r\000c\000/\000t\000e\000s\000t\000/\000b\000e\000n\000c\000h\000m\000a\000r\000k\000s\000/\000C\000o\000u\000e\000t\000t\000e\000F\000l\000o\000w\0002\000D\000\137\000t\000e\000s\000t\000.\000c\000p\000p\000\040\000F\000i\000l\000e\000\040\000R\000e\000f\000e\000r\000e\000n\000c\000e}{chapter.5}
\BOOKMARK [2][-]{subsection.5.23.1}{\376\377\000D\000e\000t\000a\000i\000l\000e\000d\000\040\000D\000e\000s\000c\000r\000i\000p\000t\000i\000o\000n}{section.5.23}
\BOOKMARK [1][-]{section.5.24}{\376\377\000/\000h\000o\000m\000e\000/\000k\000r\000a\000e\000m\000e\000r\000/\000e\000c\000l\000i\000p\000s\000e\000\137\000w\000o\000r\000k\000s\000p\000a\000c\000e\000/\000N\000A\000T\000r\000i\000u\000M\000/\000s\000r\000c\000/\000t\000e\000s\000t\000/\000c\000o\000l\000l\000i\000s\000i\000o\000n\000m\000o\000d\000e\000l\000s\000/\000B\000G\000K\000T\000r\000a\000n\000s\000f\000o\000r\000m\000e\000d\000\137\000t\000e\000s\000t\000.\000c\000p\000p\000\040\000F\000i\000l\000e\000\040\000R\000e\000f\000e\000r\000e\000n\000c\000e}{chapter.5}
\BOOKMARK [2][-]{subsection.5.24.1}{\376\377\000D\000e\000t\000a\000i\000l\000e\000d\000\040\000D\000e\000s\000c\000r\000i\000p\000t\000i\000o\000n}{section.5.24}
\BOOKMARK [1][-]{section.5.25}{\376\377\000/\000h\000o\000m\000e\000/\000k\000r\000a\000e\000m\000e\000r\000/\000e\000c\000l\000i\000p\000s\000e\000\137\000w\000o\000r\000k\000s\000p\000a\000c\000e\000/\000N\000A\000T\000r\000i\000u\000M\000/\000s\000r\000c\000/\000t\000e\000s\000t\000/\000c\000o\000l\000l\000i\000s\000i\000o\000n\000m\000o\000d\000e\000l\000s\000/\000C\000o\000l\000l\000i\000s\000i\000o\000n\000M\000o\000d\000e\000l\000\137\000t\000e\000s\000t\000.\000c\000p\000p\000\040\000F\000i\000l\000e\000\040\000R\000e\000f\000e\000r\000e\000n\000c\000e}{chapter.5}
\BOOKMARK [2][-]{subsection.5.25.1}{\376\377\000D\000e\000t\000a\000i\000l\000e\000d\000\040\000D\000e\000s\000c\000r\000i\000p\000t\000i\000o\000n}{section.5.25}
\BOOKMARK [1][-]{section.5.26}{\376\377\000/\000h\000o\000m\000e\000/\000k\000r\000a\000e\000m\000e\000r\000/\000e\000c\000l\000i\000p\000s\000e\000\137\000w\000o\000r\000k\000s\000p\000a\000c\000e\000/\000N\000A\000T\000r\000i\000u\000M\000/\000s\000r\000c\000/\000t\000e\000s\000t\000/\000M\000a\000i\000n\000T\000e\000s\000t\000.\000c\000p\000p\000\040\000F\000i\000l\000e\000\040\000R\000e\000f\000e\000r\000e\000n\000c\000e}{chapter.5}
\BOOKMARK [2][-]{subsection.5.26.1}{\376\377\000D\000e\000t\000a\000i\000l\000e\000d\000\040\000D\000e\000s\000c\000r\000i\000p\000t\000i\000o\000n}{section.5.26}
\BOOKMARK [1][-]{section.5.27}{\376\377\000/\000h\000o\000m\000e\000/\000k\000r\000a\000e\000m\000e\000r\000/\000e\000c\000l\000i\000p\000s\000e\000\137\000w\000o\000r\000k\000s\000p\000a\000c\000e\000/\000N\000A\000T\000r\000i\000u\000M\000/\000s\000r\000c\000/\000t\000e\000s\000t\000/\000p\000r\000o\000b\000l\000e\000m\000d\000e\000s\000c\000r\000i\000p\000t\000i\000o\000n\000/\000P\000r\000o\000b\000l\000e\000m\000D\000e\000s\000c\000r\000i\000p\000t\000i\000o\000n\000\137\000t\000e\000s\000t\000.\000c\000p\000p\000\040\000F\000i\000l\000e\000\040\000R\000e\000f\000e\000r\000e\000n\000c\000e}{chapter.5}
\BOOKMARK [2][-]{subsection.5.27.1}{\376\377\000D\000e\000t\000a\000i\000l\000e\000d\000\040\000D\000e\000s\000c\000r\000i\000p\000t\000i\000o\000n}{section.5.27}
\BOOKMARK [1][-]{section.5.28}{\376\377\000/\000h\000o\000m\000e\000/\000k\000r\000a\000e\000m\000e\000r\000/\000e\000c\000l\000i\000p\000s\000e\000\137\000w\000o\000r\000k\000s\000p\000a\000c\000e\000/\000N\000A\000T\000r\000i\000u\000M\000/\000s\000r\000c\000/\000t\000e\000s\000t\000/\000p\000r\000o\000b\000l\000e\000m\000d\000e\000s\000c\000r\000i\000p\000t\000i\000o\000n\000/\000S\000i\000m\000p\000l\000e\000P\000r\000o\000b\000l\000e\000m\000D\000e\000s\000c\000r\000i\000p\000t\000i\000o\000n\0002\000D\000\137\000t\000e\000s\000t\000.\000c\000p\000p\000\040\000F\000i\000l\000e\000\040\000R\000e\000f\000e\000r\000e\000n\000c\000e}{chapter.5}
\BOOKMARK [2][-]{subsection.5.28.1}{\376\377\000D\000e\000t\000a\000i\000l\000e\000d\000\040\000D\000e\000s\000c\000r\000i\000p\000t\000i\000o\000n}{section.5.28}
\BOOKMARK [1][-]{section.5.29}{\376\377\000/\000h\000o\000m\000e\000/\000k\000r\000a\000e\000m\000e\000r\000/\000e\000c\000l\000i\000p\000s\000e\000\137\000w\000o\000r\000k\000s\000p\000a\000c\000e\000/\000N\000A\000T\000r\000i\000u\000M\000/\000s\000r\000c\000/\000t\000e\000s\000t\000/\000s\000o\000l\000v\000e\000r\000/\000C\000F\000D\000S\000o\000l\000v\000e\000r\000\137\000t\000e\000s\000t\000.\000c\000p\000p\000\040\000F\000i\000l\000e\000\040\000R\000e\000f\000e\000r\000e\000n\000c\000e}{chapter.5}
\BOOKMARK [2][-]{subsection.5.29.1}{\376\377\000D\000e\000t\000a\000i\000l\000e\000d\000\040\000D\000e\000s\000c\000r\000i\000p\000t\000i\000o\000n}{section.5.29}
\BOOKMARK [1][-]{section.5.30}{\376\377\000/\000h\000o\000m\000e\000/\000k\000r\000a\000e\000m\000e\000r\000/\000e\000c\000l\000i\000p\000s\000e\000\137\000w\000o\000r\000k\000s\000p\000a\000c\000e\000/\000N\000A\000T\000r\000i\000u\000M\000/\000s\000r\000c\000/\000t\000e\000s\000t\000/\000s\000o\000l\000v\000e\000r\000/\000S\000o\000l\000v\000e\000r\000C\000o\000n\000f\000i\000g\000u\000r\000a\000t\000i\000o\000n\000\137\000t\000e\000s\000t\000.\000c\000p\000p\000\040\000F\000i\000l\000e\000\040\000R\000e\000f\000e\000r\000e\000n\000c\000e}{chapter.5}
\BOOKMARK [2][-]{subsection.5.30.1}{\376\377\000D\000e\000t\000a\000i\000l\000e\000d\000\040\000D\000e\000s\000c\000r\000i\000p\000t\000i\000o\000n}{section.5.30}
\BOOKMARK [1][-]{section.5.31}{\376\377\000/\000h\000o\000m\000e\000/\000k\000r\000a\000e\000m\000e\000r\000/\000e\000c\000l\000i\000p\000s\000e\000\137\000w\000o\000r\000k\000s\000p\000a\000c\000e\000/\000N\000A\000T\000r\000i\000u\000M\000/\000s\000r\000c\000/\000t\000e\000s\000t\000/\000s\000t\000r\000e\000a\000m\000i\000n\000g\000d\000a\000t\000a\000/\000D\000a\000t\000a\000M\000i\000n\000L\000e\000e\0002\0000\0001\0001\000\137\000t\000e\000s\000t\000.\000c\000p\000p\000\040\000F\000i\000l\000e\000\040\000R\000e\000f\000e\000r\000e\000n\000c\000e}{chapter.5}
\BOOKMARK [2][-]{subsection.5.31.1}{\376\377\000D\000e\000t\000a\000i\000l\000e\000d\000\040\000D\000e\000s\000c\000r\000i\000p\000t\000i\000o\000n}{section.5.31}
\BOOKMARK [1][-]{section.5.32}{\376\377\000/\000h\000o\000m\000e\000/\000k\000r\000a\000e\000m\000e\000r\000/\000e\000c\000l\000i\000p\000s\000e\000\137\000w\000o\000r\000k\000s\000p\000a\000c\000e\000/\000N\000A\000T\000r\000i\000u\000M\000/\000s\000r\000c\000/\000t\000e\000s\000t\000/\000s\000t\000r\000e\000a\000m\000i\000n\000g\000d\000a\000t\000a\000/\000S\000t\000r\000e\000a\000m\000i\000n\000g\000D\000a\000t\000a\000\137\000t\000e\000s\000t\000.\000c\000p\000p\000\040\000F\000i\000l\000e\000\040\000R\000e\000f\000e\000r\000e\000n\000c\000e}{chapter.5}
\BOOKMARK [2][-]{subsection.5.32.1}{\376\377\000D\000e\000t\000a\000i\000l\000e\000d\000\040\000D\000e\000s\000c\000r\000i\000p\000t\000i\000o\000n}{section.5.32}
\BOOKMARK [1][-]{section.5.33}{\376\377\000/\000h\000o\000m\000e\000/\000k\000r\000a\000e\000m\000e\000r\000/\000e\000c\000l\000i\000p\000s\000e\000\137\000w\000o\000r\000k\000s\000p\000a\000c\000e\000/\000N\000A\000T\000r\000i\000u\000M\000/\000s\000r\000c\000/\000t\000e\000s\000t\000/\000t\000i\000m\000e\000i\000n\000t\000e\000g\000r\000a\000t\000i\000o\000n\000/\000E\000x\000p\000o\000n\000e\000n\000t\000i\000a\000l\000T\000i\000m\000e\000I\000n\000t\000e\000g\000r\000a\000t\000o\000r\000\137\000t\000e\000s\000t\000.\000c\000p\000p\000\040\000F\000i\000l\000e\000\040\000R\000e\000f\000e\000r\000e\000n\000c\000e}{chapter.5}
\BOOKMARK [2][-]{subsection.5.33.1}{\376\377\000D\000e\000t\000a\000i\000l\000e\000d\000\040\000D\000e\000s\000c\000r\000i\000p\000t\000i\000o\000n}{section.5.33}
\BOOKMARK [1][-]{section.5.34}{\376\377\000/\000h\000o\000m\000e\000/\000k\000r\000a\000e\000m\000e\000r\000/\000e\000c\000l\000i\000p\000s\000e\000\137\000w\000o\000r\000k\000s\000p\000a\000c\000e\000/\000N\000A\000T\000r\000i\000u\000M\000/\000s\000r\000c\000/\000t\000e\000s\000t\000/\000t\000i\000m\000e\000i\000n\000t\000e\000g\000r\000a\000t\000i\000o\000n\000/\000R\000u\000n\000g\000e\000K\000u\000t\000t\000a\0005\000L\000o\000w\000S\000t\000o\000r\000a\000g\000e\000\137\000t\000e\000s\000t\000.\000c\000p\000p\000\040\000F\000i\000l\000e\000\040\000R\000e\000f\000e\000r\000e\000n\000c\000e}{chapter.5}
\BOOKMARK [2][-]{subsection.5.34.1}{\376\377\000D\000e\000t\000a\000i\000l\000e\000d\000\040\000D\000e\000s\000c\000r\000i\000p\000t\000i\000o\000n}{section.5.34}
\BOOKMARK [1][-]{section.5.35}{\376\377\000/\000h\000o\000m\000e\000/\000k\000r\000a\000e\000m\000e\000r\000/\000e\000c\000l\000i\000p\000s\000e\000\137\000w\000o\000r\000k\000s\000p\000a\000c\000e\000/\000N\000A\000T\000r\000i\000u\000M\000/\000s\000r\000c\000/\000t\000e\000s\000t\000/\000t\000i\000m\000e\000i\000n\000t\000e\000g\000r\000a\000t\000i\000o\000n\000/\000T\000i\000m\000e\000I\000n\000t\000e\000g\000r\000a\000t\000o\000r\000\137\000t\000e\000s\000t\000.\000c\000p\000p\000\040\000F\000i\000l\000e\000\040\000R\000e\000f\000e\000r\000e\000n\000c\000e}{chapter.5}
\BOOKMARK [2][-]{subsection.5.35.1}{\376\377\000D\000e\000t\000a\000i\000l\000e\000d\000\040\000D\000e\000s\000c\000r\000i\000p\000t\000i\000o\000n}{section.5.35}
\BOOKMARK [1][-]{section.5.36}{\376\377\000/\000h\000o\000m\000e\000/\000k\000r\000a\000e\000m\000e\000r\000/\000e\000c\000l\000i\000p\000s\000e\000\137\000w\000o\000r\000k\000s\000p\000a\000c\000e\000/\000N\000A\000T\000r\000i\000u\000M\000/\000s\000r\000c\000/\000t\000i\000m\000e\000i\000n\000t\000e\000g\000r\000a\000t\000i\000o\000n\000/\000E\000x\000p\000o\000n\000e\000n\000t\000i\000a\000l\000T\000i\000m\000e\000I\000n\000t\000e\000g\000r\000a\000t\000o\000r\000.\000c\000p\000p\000\040\000F\000i\000l\000e\000\040\000R\000e\000f\000e\000r\000e\000n\000c\000e}{chapter.5}
\BOOKMARK [2][-]{subsection.5.36.1}{\376\377\000D\000e\000t\000a\000i\000l\000e\000d\000\040\000D\000e\000s\000c\000r\000i\000p\000t\000i\000o\000n}{section.5.36}
\BOOKMARK [1][-]{section.5.37}{\376\377\000/\000h\000o\000m\000e\000/\000k\000r\000a\000e\000m\000e\000r\000/\000e\000c\000l\000i\000p\000s\000e\000\137\000w\000o\000r\000k\000s\000p\000a\000c\000e\000/\000N\000A\000T\000r\000i\000u\000M\000/\000s\000r\000c\000/\000t\000i\000m\000e\000i\000n\000t\000e\000g\000r\000a\000t\000i\000o\000n\000/\000E\000x\000p\000o\000n\000e\000n\000t\000i\000a\000l\000T\000i\000m\000e\000I\000n\000t\000e\000g\000r\000a\000t\000o\000r\000.\000h\000\040\000F\000i\000l\000e\000\040\000R\000e\000f\000e\000r\000e\000n\000c\000e}{chapter.5}
\BOOKMARK [2][-]{subsection.5.37.1}{\376\377\000D\000e\000t\000a\000i\000l\000e\000d\000\040\000D\000e\000s\000c\000r\000i\000p\000t\000i\000o\000n}{section.5.37}
\BOOKMARK [1][-]{section.5.38}{\376\377\000/\000h\000o\000m\000e\000/\000k\000r\000a\000e\000m\000e\000r\000/\000e\000c\000l\000i\000p\000s\000e\000\137\000w\000o\000r\000k\000s\000p\000a\000c\000e\000/\000N\000A\000T\000r\000i\000u\000M\000/\000s\000r\000c\000/\000t\000i\000m\000e\000i\000n\000t\000e\000g\000r\000a\000t\000i\000o\000n\000/\000R\000u\000n\000g\000e\000K\000u\000t\000t\000a\0005\000L\000o\000w\000S\000t\000o\000r\000a\000g\000e\000.\000c\000p\000p\000\040\000F\000i\000l\000e\000\040\000R\000e\000f\000e\000r\000e\000n\000c\000e}{chapter.5}
\BOOKMARK [2][-]{subsection.5.38.1}{\376\377\000D\000e\000t\000a\000i\000l\000e\000d\000\040\000D\000e\000s\000c\000r\000i\000p\000t\000i\000o\000n}{section.5.38}
\BOOKMARK [1][-]{section.5.39}{\376\377\000/\000h\000o\000m\000e\000/\000k\000r\000a\000e\000m\000e\000r\000/\000e\000c\000l\000i\000p\000s\000e\000\137\000w\000o\000r\000k\000s\000p\000a\000c\000e\000/\000N\000A\000T\000r\000i\000u\000M\000/\000s\000r\000c\000/\000t\000i\000m\000e\000i\000n\000t\000e\000g\000r\000a\000t\000i\000o\000n\000/\000R\000u\000n\000g\000e\000K\000u\000t\000t\000a\0005\000L\000o\000w\000S\000t\000o\000r\000a\000g\000e\000.\000h\000\040\000F\000i\000l\000e\000\040\000R\000e\000f\000e\000r\000e\000n\000c\000e}{chapter.5}
\BOOKMARK [2][-]{subsection.5.39.1}{\376\377\000D\000e\000t\000a\000i\000l\000e\000d\000\040\000D\000e\000s\000c\000r\000i\000p\000t\000i\000o\000n}{section.5.39}
\BOOKMARK [1][-]{section.5.40}{\376\377\000/\000h\000o\000m\000e\000/\000k\000r\000a\000e\000m\000e\000r\000/\000e\000c\000l\000i\000p\000s\000e\000\137\000w\000o\000r\000k\000s\000p\000a\000c\000e\000/\000N\000A\000T\000r\000i\000u\000M\000/\000s\000r\000c\000/\000t\000i\000m\000e\000i\000n\000t\000e\000g\000r\000a\000t\000i\000o\000n\000/\000T\000i\000m\000e\000I\000n\000t\000e\000g\000r\000a\000t\000o\000r\000.\000c\000p\000p\000\040\000F\000i\000l\000e\000\040\000R\000e\000f\000e\000r\000e\000n\000c\000e}{chapter.5}
\BOOKMARK [2][-]{subsection.5.40.1}{\376\377\000D\000e\000t\000a\000i\000l\000e\000d\000\040\000D\000e\000s\000c\000r\000i\000p\000t\000i\000o\000n}{section.5.40}
\BOOKMARK [1][-]{section.5.41}{\376\377\000/\000h\000o\000m\000e\000/\000k\000r\000a\000e\000m\000e\000r\000/\000e\000c\000l\000i\000p\000s\000e\000\137\000w\000o\000r\000k\000s\000p\000a\000c\000e\000/\000N\000A\000T\000r\000i\000u\000M\000/\000s\000r\000c\000/\000t\000i\000m\000e\000i\000n\000t\000e\000g\000r\000a\000t\000i\000o\000n\000/\000T\000i\000m\000e\000I\000n\000t\000e\000g\000r\000a\000t\000o\000r\000.\000h\000\040\000F\000i\000l\000e\000\040\000R\000e\000f\000e\000r\000e\000n\000c\000e}{chapter.5}
\BOOKMARK [2][-]{subsection.5.41.1}{\376\377\000D\000e\000t\000a\000i\000l\000e\000d\000\040\000D\000e\000s\000c\000r\000i\000p\000t\000i\000o\000n}{section.5.41}
\BOOKMARK [1][-]{section.5.42}{\376\377\000/\000h\000o\000m\000e\000/\000k\000r\000a\000e\000m\000e\000r\000/\000e\000c\000l\000i\000p\000s\000e\000\137\000w\000o\000r\000k\000s\000p\000a\000c\000e\000/\000N\000A\000T\000r\000i\000u\000M\000/\000s\000r\000c\000/\000u\000t\000i\000l\000i\000t\000i\000e\000s\000/\000B\000a\000s\000i\000c\000N\000a\000m\000e\000s\000.\000h\000\040\000F\000i\000l\000e\000\040\000R\000e\000f\000e\000r\000e\000n\000c\000e}{chapter.5}
\BOOKMARK [2][-]{subsection.5.42.1}{\376\377\000D\000e\000t\000a\000i\000l\000e\000d\000\040\000D\000e\000s\000c\000r\000i\000p\000t\000i\000o\000n}{section.5.42}
