==5210== Memcheck, a memory error detector
==5210== Copyright (C) 2002-2013, and GNU GPL'd, by Julian Seward et al.
==5210== Using Valgrind-3.10.0.SVN and LibVEX; rerun with -h for copyright info
==5210== Command: ../../../bin/examples/step-1/step-1-taylorGreenVortex
==5210== Parent PID: 5208
==5210== 
==5210== Jump to the invalid address stated on the next line
==5210==    at 0x5A6: ???
==5210==  Address 0x5a6 is not stack'd, malloc'd or (recently) free'd
==5210== 
==5210== 
==5210== Process terminating with default action of signal 11 (SIGSEGV)
==5210==  Bad permissions for mapped region at address 0x5A6
==5210==    at 0x5A6: ???
==5210== 
==5210== FILE DESCRIPTORS: 4 open at exit.
==5210== Open file descriptor 3: /home/kraemer/eclipse_workspace/NATriuM/src/analysis/valgrind-analysis/vg.log
==5210==    <inherited from parent>
==5210== 
==5210== Open file descriptor 2: /dev/pts/11
==5210==    <inherited from parent>
==5210== 
==5210== Open file descriptor 1: /dev/pts/11
==5210==    <inherited from parent>
==5210== 
==5210== Open file descriptor 0: /dev/pts/11
==5210==    <inherited from parent>
==5210== 
==5210== 
==5210== HEAP SUMMARY:
==5210==     in use at exit: 0 bytes in 0 blocks
==5210==   total heap usage: 0 allocs, 0 frees, 0 bytes allocated
==5210== 
==5210== All heap blocks were freed -- no leaks are possible
==5210== 
==5210== For counts of detected and suppressed errors, rerun with: -v
==5210== ERROR SUMMARY: 1 errors from 1 contexts (suppressed: 0 from 0)
